Date: Tue Jan  6 15:46:24 CST 2026
Host: gpu01
Directory: /share/home/hhq/superhugeaadpublic
==========================================================================================
Layer (type:depth-idx)                   Output Shape              Param #
==========================================================================================
SimpleCNN                                [1, 128, 5]               --
├─Sequential: 1-1                        [1, 128, 5]               --
│    └─Rearrange: 2-1                    [1, 1, 128, 64]           --
│    └─ZeroPad2d: 2-2                    [1, 1, 144, 64]           --
│    └─Conv2d: 2-3                       [1, 5, 128, 1]            5,445
│    └─ReLU: 2-4                         [1, 5, 128, 1]            --
│    └─Reduce: 2-5                       [1, 128, 5]               --
==========================================================================================
Total params: 5,445
Trainable params: 5,445
Non-trainable params: 0
Total mult-adds (Units.MEGABYTES): 0.70
==========================================================================================
Input size (MB): 0.03
Forward/backward pass size (MB): 0.01
Params size (MB): 0.02
Estimated Total Size (MB): 0.06
==========================================================================================
==========================================================================================
Layer (type:depth-idx)                   Output Shape              Param #
==========================================================================================
Sequential                               [1, 2]                    --
├─Reduce: 1-1                            [1, 5]                    --
├─Linear: 1-2                            [1, 64]                   384
├─Sigmoid: 1-3                           [1, 64]                   --
├─Linear: 1-4                            [1, 2]                    130
==========================================================================================
Total params: 514
Trainable params: 514
Non-trainable params: 0
Total mult-adds (Units.MEGABYTES): 0.00
==========================================================================================
Input size (MB): 0.00
Forward/backward pass size (MB): 0.00
Params size (MB): 0.00
Estimated Total Size (MB): 0.01
==========================================================================================
Epoch 49/49 ━━━━━━━━━━━━━━━━━━━━━━━━━━━━━ 1671/1671 0:00:16 • 0:00:00 102.23it/s
           Training Metrics            
┏━━━━━━━━┳━━━━━━━━┳━━━━━━━━━━━━┳━━━━━━┓
┃ Metric ┃  Train ┃ Validation ┃ Test ┃
┡━━━━━━━━╇━━━━━━━━╇━━━━━━━━━━━━╇━━━━━━┩
│ acc    │ 0.5728 │     0.4814 │    — │
│ auc    │ 0.5979 │     0.0982 │    — │
│ f1     │ 0.5534 │     0.3128 │    — │
│ loss   │ 0.6735 │     0.7534 │    — │
└────────┴────────┴────────────┴──────┘
┏━━━━━━━━━━━━━━━━━━━━━━━━━━━┳━━━━━━━━━━━━━━━━━━━━━━━━━━━┓
┃        Test metric        ┃       DataLoader 0        ┃
┡━━━━━━━━━━━━━━━━━━━━━━━━━━━╇━━━━━━━━━━━━━━━━━━━━━━━━━━━┩
│         test/acc          │    0.4659961760044098     │
│         test/auc          │    0.08499091863632202    │
│          test/f1          │    0.2533899247646332     │
│         test/loss         │    0.6926624774932861     │
└───────────────────────────┴───────────────────────────┘
Testing ━━━━━━━━━━━━━━━━━━━━━━━━━━━━━━━━━━━ 836/836 0:00:07 • 0:00:00 118.29it/s
 
==========================================================================================
Layer (type:depth-idx)                   Output Shape              Param #
==========================================================================================
SimpleCNN                                [1, 128, 5]               --
├─Sequential: 1-1                        [1, 128, 5]               --
│    └─Rearrange: 2-1                    [1, 1, 128, 64]           --
│    └─ZeroPad2d: 2-2                    [1, 1, 144, 64]           --
│    └─Conv2d: 2-3                       [1, 5, 128, 1]            5,445
│    └─ReLU: 2-4                         [1, 5, 128, 1]            --
│    └─Reduce: 2-5                       [1, 128, 5]               --
==========================================================================================
Total params: 5,445
Trainable params: 5,445
Non-trainable params: 0
Total mult-adds (Units.MEGABYTES): 0.70
==========================================================================================
Input size (MB): 0.03
Forward/backward pass size (MB): 0.01
Params size (MB): 0.02
Estimated Total Size (MB): 0.06
==========================================================================================
==========================================================================================
Layer (type:depth-idx)                   Output Shape              Param #
==========================================================================================
Sequential                               [1, 2]                    --
├─Reduce: 1-1                            [1, 5]                    --
├─Linear: 1-2                            [1, 64]                   384
├─Sigmoid: 1-3                           [1, 64]                   --
├─Linear: 1-4                            [1, 2]                    130
==========================================================================================
Total params: 514
Trainable params: 514
Non-trainable params: 0
Total mult-adds (Units.MEGABYTES): 0.00
==========================================================================================
Input size (MB): 0.00
Forward/backward pass size (MB): 0.00
Params size (MB): 0.00
Estimated Total Size (MB): 0.01
==========================================================================================
Epoch 49/49 ━━━━━━━━━━━━━━━━━━━━━━━━━━━━━━ 1671/1671 0:00:16 • 0:00:00 99.58it/s
           Training Metrics            
┏━━━━━━━━┳━━━━━━━━┳━━━━━━━━━━━━┳━━━━━━┓
┃ Metric ┃  Train ┃ Validation ┃ Test ┃
┡━━━━━━━━╇━━━━━━━━╇━━━━━━━━━━━━╇━━━━━━┩
│ acc    │ 0.5845 │     0.4974 │    — │
│ auc    │ 0.6275 │     0.1017 │    — │
│ f1     │ 0.5385 │     0.3124 │    — │
│ loss   │ 0.6442 │     0.7592 │    — │
└────────┴────────┴────────────┴──────┘
┏━━━━━━━━━━━━━━━━━━━━━━━━━━━┳━━━━━━━━━━━━━━━━━━━━━━━━━━━┓
┃        Test metric        ┃       DataLoader 0        ┃
┡━━━━━━━━━━━━━━━━━━━━━━━━━━━╇━━━━━━━━━━━━━━━━━━━━━━━━━━━┩
│         test/acc          │    0.5049688816070557     │
│         test/auc          │    0.09198952466249466    │
│          test/f1          │    0.2656954228878021     │
│         test/loss         │    0.6971902847290039     │
└───────────────────────────┴───────────────────────────┘
Testing ━━━━━━━━━━━━━━━━━━━━━━━━━━━━━━━━━━━ 836/836 0:00:07 • 0:00:00 114.04it/s
 
==========================================================================================
Layer (type:depth-idx)                   Output Shape              Param #
==========================================================================================
SimpleCNN                                [1, 128, 5]               --
├─Sequential: 1-1                        [1, 128, 5]               --
│    └─Rearrange: 2-1                    [1, 1, 128, 64]           --
│    └─ZeroPad2d: 2-2                    [1, 1, 144, 64]           --
│    └─Conv2d: 2-3                       [1, 5, 128, 1]            5,445
│    └─ReLU: 2-4                         [1, 5, 128, 1]            --
│    └─Reduce: 2-5                       [1, 128, 5]               --
==========================================================================================
Total params: 5,445
Trainable params: 5,445
Non-trainable params: 0
Total mult-adds (Units.MEGABYTES): 0.70
==========================================================================================
Input size (MB): 0.03
Forward/backward pass size (MB): 0.01
Params size (MB): 0.02
Estimated Total Size (MB): 0.06
==========================================================================================
==========================================================================================
Layer (type:depth-idx)                   Output Shape              Param #
==========================================================================================
Sequential                               [1, 2]                    --
├─Reduce: 1-1                            [1, 5]                    --
├─Linear: 1-2                            [1, 64]                   384
├─Sigmoid: 1-3                           [1, 64]                   --
├─Linear: 1-4                            [1, 2]                    130
==========================================================================================
Total params: 514
Trainable params: 514
Non-trainable params: 0
Total mult-adds (Units.MEGABYTES): 0.00
==========================================================================================
Input size (MB): 0.00
Forward/backward pass size (MB): 0.00
Params size (MB): 0.00
Estimated Total Size (MB): 0.01
==========================================================================================
Epoch 49/49 ━━━━━━━━━━━━━━━━━━━━━━━━━━━━━━ 1671/1671 0:00:16 • 0:00:00 99.13it/s
           Training Metrics            
┏━━━━━━━━┳━━━━━━━━┳━━━━━━━━━━━━┳━━━━━━┓
┃ Metric ┃  Train ┃ Validation ┃ Test ┃
┡━━━━━━━━╇━━━━━━━━╇━━━━━━━━━━━━╇━━━━━━┩
│ acc    │ 0.5973 │     0.4972 │    — │
│ auc    │ 0.6433 │     0.0986 │    — │
│ f1     │ 0.5816 │     0.3275 │    — │
│ loss   │ 0.6565 │     0.7871 │    — │
└────────┴────────┴────────────┴──────┘
┏━━━━━━━━━━━━━━━━━━━━━━━━━━━┳━━━━━━━━━━━━━━━━━━━━━━━━━━━┓
┃        Test metric        ┃       DataLoader 0        ┃
┡━━━━━━━━━━━━━━━━━━━━━━━━━━━╇━━━━━━━━━━━━━━━━━━━━━━━━━━━┩
│         test/acc          │    0.5138888955116272     │
│         test/auc          │    0.08290868252515793    │
│          test/f1          │    0.26787883043289185    │
│         test/loss         │    0.6972165703773499     │
└───────────────────────────┴───────────────────────────┘
Testing ━━━━━━━━━━━━━━━━━━━━━━━━━━━━━━━━━━━ 836/836 0:00:07 • 0:00:00 115.70it/s
 
==========================================================================================
Layer (type:depth-idx)                   Output Shape              Param #
==========================================================================================
SimpleCNN                                [1, 128, 5]               --
├─Sequential: 1-1                        [1, 128, 5]               --
│    └─Rearrange: 2-1                    [1, 1, 128, 64]           --
│    └─ZeroPad2d: 2-2                    [1, 1, 144, 64]           --
│    └─Conv2d: 2-3                       [1, 5, 128, 1]            5,445
│    └─ReLU: 2-4                         [1, 5, 128, 1]            --
│    └─Reduce: 2-5                       [1, 128, 5]               --
==========================================================================================
Total params: 5,445
Trainable params: 5,445
Non-trainable params: 0
Total mult-adds (Units.MEGABYTES): 0.70
==========================================================================================
Input size (MB): 0.03
Forward/backward pass size (MB): 0.01
Params size (MB): 0.02
Estimated Total Size (MB): 0.06
==========================================================================================
==========================================================================================
Layer (type:depth-idx)                   Output Shape              Param #
==========================================================================================
Sequential                               [1, 2]                    --
├─Reduce: 1-1                            [1, 5]                    --
├─Linear: 1-2                            [1, 64]                   384
├─Sigmoid: 1-3                           [1, 64]                   --
├─Linear: 1-4                            [1, 2]                    130
==========================================================================================
Total params: 514
Trainable params: 514
Non-trainable params: 0
Total mult-adds (Units.MEGABYTES): 0.00
==========================================================================================
Input size (MB): 0.00
Forward/backward pass size (MB): 0.00
Params size (MB): 0.00
Estimated Total Size (MB): 0.01
==========================================================================================
Epoch 49/49 ━━━━━━━━━━━━━━━━━━━━━━━━━━━━━ 1671/1671 0:00:16 • 0:00:00 100.40it/s
           Training Metrics            
┏━━━━━━━━┳━━━━━━━━┳━━━━━━━━━━━━┳━━━━━━┓
┃ Metric ┃  Train ┃ Validation ┃ Test ┃
┡━━━━━━━━╇━━━━━━━━╇━━━━━━━━━━━━╇━━━━━━┩
│ acc    │ 0.5728 │     0.4812 │    — │
│ auc    │ 0.5979 │     0.0922 │    — │
│ f1     │ 0.5534 │     0.3094 │    — │
│ loss   │ 0.6735 │     0.7501 │    — │
└────────┴────────┴────────────┴──────┘
┏━━━━━━━━━━━━━━━━━━━━━━━━━━━┳━━━━━━━━━━━━━━━━━━━━━━━━━━━┓
┃        Test metric        ┃       DataLoader 0        ┃
┡━━━━━━━━━━━━━━━━━━━━━━━━━━━╇━━━━━━━━━━━━━━━━━━━━━━━━━━━┩
│         test/acc          │    0.5000598430633545     │
│         test/auc          │    0.09319055825471878    │
│          test/f1          │    0.27074354887008667    │
│         test/loss         │    0.6933037638664246     │
└───────────────────────────┴───────────────────────────┘
Testing ━━━━━━━━━━━━━━━━━━━━━━━━━━━━━━━━━━━ 836/836 0:00:06 • 0:00:00 121.89it/s
 
==========================================================================================
Layer (type:depth-idx)                   Output Shape              Param #
==========================================================================================
SimpleCNN                                [1, 128, 5]               --
├─Sequential: 1-1                        [1, 128, 5]               --
│    └─Rearrange: 2-1                    [1, 1, 128, 64]           --
│    └─ZeroPad2d: 2-2                    [1, 1, 144, 64]           --
│    └─Conv2d: 2-3                       [1, 5, 128, 1]            5,445
│    └─ReLU: 2-4                         [1, 5, 128, 1]            --
│    └─Reduce: 2-5                       [1, 128, 5]               --
==========================================================================================
Total params: 5,445
Trainable params: 5,445
Non-trainable params: 0
Total mult-adds (Units.MEGABYTES): 0.70
==========================================================================================
Input size (MB): 0.03
Forward/backward pass size (MB): 0.01
Params size (MB): 0.02
Estimated Total Size (MB): 0.06
==========================================================================================
==========================================================================================
Layer (type:depth-idx)                   Output Shape              Param #
==========================================================================================
Sequential                               [1, 2]                    --
├─Reduce: 1-1                            [1, 5]                    --
├─Linear: 1-2                            [1, 64]                   384
├─Sigmoid: 1-3                           [1, 64]                   --
├─Linear: 1-4                            [1, 2]                    130
==========================================================================================
Total params: 514
Trainable params: 514
Non-trainable params: 0
Total mult-adds (Units.MEGABYTES): 0.00
==========================================================================================
Input size (MB): 0.00
Forward/backward pass size (MB): 0.00
Params size (MB): 0.00
Estimated Total Size (MB): 0.01
==========================================================================================
