[rank: 0] Seed set to 2847507138
GPU available: True (cuda), used: True
TPU available: False, using: 0 TPU cores
LOCAL_RANK: 0 - CUDA_VISIBLE_DEVICES: [0]
SLURM auto-requeueing enabled. Setting signal handlers.
`Trainer.fit` stopped: `max_epochs=50` reached.
Restoring states from the checkpoint path at ./logs/tb_logs/directional_focus_decoding/binary_leftright/unseen_test_shuffled/1/version_0/checkpoints/epoch=2-step=5013.ckpt
LOCAL_RANK: 0 - CUDA_VISIBLE_DEVICES: [0]
Loaded model weights from the checkpoint at ./logs/tb_logs/directional_focus_decoding/binary_leftright/unseen_test_shuffled/1/version_0/checkpoints/epoch=2-step=5013.ckpt
SLURM auto-requeueing enabled. Setting signal handlers.
[rank: 0] Seed set to 2847507138
GPU available: True (cuda), used: True
TPU available: False, using: 0 TPU cores
LOCAL_RANK: 0 - CUDA_VISIBLE_DEVICES: [0]
SLURM auto-requeueing enabled. Setting signal handlers.
`Trainer.fit` stopped: `max_epochs=50` reached.
Restoring states from the checkpoint path at ./logs/tb_logs/directional_focus_decoding/binary_leftright/unseen_test_shuffled/1/version_1/checkpoints/epoch=7-step=13368.ckpt
LOCAL_RANK: 0 - CUDA_VISIBLE_DEVICES: [0]
Loaded model weights from the checkpoint at ./logs/tb_logs/directional_focus_decoding/binary_leftright/unseen_test_shuffled/1/version_1/checkpoints/epoch=7-step=13368.ckpt
SLURM auto-requeueing enabled. Setting signal handlers.
[rank: 0] Seed set to 2847507138
GPU available: True (cuda), used: True
TPU available: False, using: 0 TPU cores
LOCAL_RANK: 0 - CUDA_VISIBLE_DEVICES: [0]
SLURM auto-requeueing enabled. Setting signal handlers.
`Trainer.fit` stopped: `max_epochs=50` reached.
Restoring states from the checkpoint path at ./logs/tb_logs/directional_focus_decoding/binary_leftright/unseen_test_shuffled/1/version_3/checkpoints/epoch=0-step=1671.ckpt
LOCAL_RANK: 0 - CUDA_VISIBLE_DEVICES: [0]
Loaded model weights from the checkpoint at ./logs/tb_logs/directional_focus_decoding/binary_leftright/unseen_test_shuffled/1/version_3/checkpoints/epoch=0-step=1671.ckpt
SLURM auto-requeueing enabled. Setting signal handlers.
[rank: 0] Seed set to 2847507138
GPU available: True (cuda), used: True
TPU available: False, using: 0 TPU cores
LOCAL_RANK: 0 - CUDA_VISIBLE_DEVICES: [0]
SLURM auto-requeueing enabled. Setting signal handlers.
`Trainer.fit` stopped: `max_epochs=50` reached.
Restoring states from the checkpoint path at ./logs/tb_logs/directional_focus_decoding/binary_leftright/unseen_test_shuffled/1/version_4/checkpoints/epoch=2-step=5013.ckpt
LOCAL_RANK: 0 - CUDA_VISIBLE_DEVICES: [0]
Loaded model weights from the checkpoint at ./logs/tb_logs/directional_focus_decoding/binary_leftright/unseen_test_shuffled/1/version_4/checkpoints/epoch=2-step=5013.ckpt
SLURM auto-requeueing enabled. Setting signal handlers.
[rank: 0] Seed set to 2847507138
GPU available: True (cuda), used: True
TPU available: False, using: 0 TPU cores
LOCAL_RANK: 0 - CUDA_VISIBLE_DEVICES: [0]
SLURM auto-requeueing enabled. Setting signal handlers.
