[rank: 0] Seed set to 2847507138
GPU available: True (cuda), used: True
TPU available: False, using: 0 TPU cores
LOCAL_RANK: 0 - CUDA_VISIBLE_DEVICES: [0]
SLURM auto-requeueing enabled. Setting signal handlers.
Traceback (most recent call last):
  File "/share/home/hhq/superhugeaadpublic/train/main.py", line 66, in <module>
    cli.run()
  File "/share/home/hhq/superhugeaadpublic/superhuge/utils/multi_run_cli.py", line 137, in run
    cli.trainer.fit(
  File "/share/home/hhq/.conda/envs/superhuge/lib/python3.12/site-packages/lightning/pytorch/trainer/trainer.py", line 584, in fit
    call._call_and_handle_interrupt(
  File "/share/home/hhq/.conda/envs/superhuge/lib/python3.12/site-packages/lightning/pytorch/trainer/call.py", line 49, in _call_and_handle_interrupt
    return trainer_fn(*args, **kwargs)
           ^^^^^^^^^^^^^^^^^^^^^^^^^^^
  File "/share/home/hhq/.conda/envs/superhuge/lib/python3.12/site-packages/lightning/pytorch/trainer/trainer.py", line 630, in _fit_impl
    self._run(model, ckpt_path=ckpt_path, weights_only=weights_only)
  File "/share/home/hhq/.conda/envs/superhuge/lib/python3.12/site-packages/lightning/pytorch/trainer/trainer.py", line 1079, in _run
    results = self._run_stage()
              ^^^^^^^^^^^^^^^^^
  File "/share/home/hhq/.conda/envs/superhuge/lib/python3.12/site-packages/lightning/pytorch/trainer/trainer.py", line 1121, in _run_stage
    self._run_sanity_check()
  File "/share/home/hhq/.conda/envs/superhuge/lib/python3.12/site-packages/lightning/pytorch/trainer/trainer.py", line 1150, in _run_sanity_check
    val_loop.run()
  File "/share/home/hhq/.conda/envs/superhuge/lib/python3.12/site-packages/lightning/pytorch/loops/utilities.py", line 179, in _decorator
    return loop_run(self, *args, **kwargs)
           ^^^^^^^^^^^^^^^^^^^^^^^^^^^^^^^
  File "/share/home/hhq/.conda/envs/superhuge/lib/python3.12/site-packages/lightning/pytorch/loops/evaluation_loop.py", line 146, in run
    self._evaluation_step(batch, batch_idx, dataloader_idx, dataloader_iter)
  File "/share/home/hhq/.conda/envs/superhuge/lib/python3.12/site-packages/lightning/pytorch/loops/evaluation_loop.py", line 441, in _evaluation_step
    output = call._call_strategy_hook(trainer, hook_name, *step_args)
             ^^^^^^^^^^^^^^^^^^^^^^^^^^^^^^^^^^^^^^^^^^^^^^^^^^^^^^^^
  File "/share/home/hhq/.conda/envs/superhuge/lib/python3.12/site-packages/lightning/pytorch/trainer/call.py", line 329, in _call_strategy_hook
    output = fn(*args, **kwargs)
             ^^^^^^^^^^^^^^^^^^^
  File "/share/home/hhq/.conda/envs/superhuge/lib/python3.12/site-packages/lightning/pytorch/strategies/strategy.py", line 412, in validation_step
    return self.lightning_module.validation_step(*args, **kwargs)
           ^^^^^^^^^^^^^^^^^^^^^^^^^^^^^^^^^^^^^^^^^^^^^^^^^^^^^^
  File "/share/home/hhq/superhugeaadpublic/superhuge/model/interface/model_interface.py", line 265, in validation_step
    return self.training_step(batch, batch_idx)
           ^^^^^^^^^^^^^^^^^^^^^^^^^^^^^^^^^^^^
  File "/share/home/hhq/superhugeaadpublic/superhuge/model/interface/model_interface.py", line 238, in training_step
    outputs = self.training_closure(data)
              ^^^^^^^^^^^^^^^^^^^^^^^^^^^
  File "/share/home/hhq/superhugeaadpublic/superhuge/model/interface/model_interface.py", line 232, in training_closure
    return self.forward(*args)
           ^^^^^^^^^^^^^^^^^^^
  File "/share/home/hhq/superhugeaadpublic/superhuge/model/interface/model_interface.py", line 183, in forward
    model_outputs = self.model(*inputs)
                    ^^^^^^^^^^^^^^^^^^^
  File "/share/home/hhq/.conda/envs/superhuge/lib/python3.12/site-packages/torch/nn/modules/module.py", line 1775, in _wrapped_call_impl
    return self._call_impl(*args, **kwargs)
           ^^^^^^^^^^^^^^^^^^^^^^^^^^^^^^^^
  File "/share/home/hhq/.conda/envs/superhuge/lib/python3.12/site-packages/torch/nn/modules/module.py", line 1786, in _call_impl
    return forward_call(*args, **kwargs)
           ^^^^^^^^^^^^^^^^^^^^^^^^^^^^^
  File "/share/home/hhq/superhugeaadpublic/superhuge/model/pure_cnn/lsm_cnn.py", line 128, in forward
    return self._lsm_cnn(x)
           ^^^^^^^^^^^^^^^^
  File "/share/home/hhq/.conda/envs/superhuge/lib/python3.12/site-packages/torch/nn/modules/module.py", line 1775, in _wrapped_call_impl
    return self._call_impl(*args, **kwargs)
           ^^^^^^^^^^^^^^^^^^^^^^^^^^^^^^^^
  File "/share/home/hhq/.conda/envs/superhuge/lib/python3.12/site-packages/torch/nn/modules/module.py", line 1786, in _call_impl
    return forward_call(*args, **kwargs)
           ^^^^^^^^^^^^^^^^^^^^^^^^^^^^^
  File "/share/home/hhq/.conda/envs/superhuge/lib/python3.12/site-packages/torch/nn/modules/container.py", line 250, in forward
    input = module(input)
            ^^^^^^^^^^^^^
  File "/share/home/hhq/.conda/envs/superhuge/lib/python3.12/site-packages/torch/nn/modules/module.py", line 1775, in _wrapped_call_impl
    return self._call_impl(*args, **kwargs)
           ^^^^^^^^^^^^^^^^^^^^^^^^^^^^^^^^
  File "/share/home/hhq/.conda/envs/superhuge/lib/python3.12/site-packages/torch/nn/modules/module.py", line 1786, in _call_impl
    return forward_call(*args, **kwargs)
           ^^^^^^^^^^^^^^^^^^^^^^^^^^^^^
  File "/share/home/hhq/.conda/envs/superhuge/lib/python3.12/site-packages/torch/nn/modules/container.py", line 250, in forward
    input = module(input)
            ^^^^^^^^^^^^^
  File "/share/home/hhq/.conda/envs/superhuge/lib/python3.12/site-packages/torch/nn/modules/module.py", line 1775, in _wrapped_call_impl
    return self._call_impl(*args, **kwargs)
           ^^^^^^^^^^^^^^^^^^^^^^^^^^^^^^^^
  File "/share/home/hhq/.conda/envs/superhuge/lib/python3.12/site-packages/torch/nn/modules/module.py", line 1786, in _call_impl
    return forward_call(*args, **kwargs)
           ^^^^^^^^^^^^^^^^^^^^^^^^^^^^^
  File "/share/home/hhq/.conda/envs/superhuge/lib/python3.12/site-packages/einops/layers/torch.py", line 62, in forward
    result = torch.einsum(self.einsum_pattern, input, self.weight)
             ^^^^^^^^^^^^^^^^^^^^^^^^^^^^^^^^^^^^^^^^^^^^^^^^^^^^^
  File "/share/home/hhq/.conda/envs/superhuge/lib/python3.12/site-packages/torch/functional.py", line 373, in einsum
    return _VF.einsum(equation, operands)  # type: ignore[attr-defined]
           ^^^^^^^^^^^^^^^^^^^^^^^^^^^^^^
RuntimeError: einsum(): subscript b has size 74 for operand 1 which does not broadcast with previously seen size 64
